<?xml version="1.0" encoding="UTF-8"?>
<!-- Generated by org.testng.reporters.JUnitXMLReporter -->
<testsuite ignored="0" hostname="DESKTOP-N2PLT4O" failures="0" tests="4" name="Default test" time="6.461" errors="0" timestamp="2025-05-08T15:10:24 EET">
  <testcase classname="databaseTesting.databaseTesting.AppTest" name="AddNewCustomer" time="0.02"/>
  <testcase classname="databaseTesting.databaseTesting.AppTest" name="UpdateCustomerInfo" time="0.008"/>
  <testcase classname="databaseTesting.databaseTesting.AppTest" name="ReadTheUpdatedData" time="0.319"/>
  <testcase classname="databaseTesting.databaseTesting.AppTest" name="DeleteCustomer" time="0.011"/>
</testsuite> <!-- Default test -->
